<?xml version="1.0" encoding="UTF-8"?>
<!-- Generated by org.testng.reporters.JUnitReportReporter -->
<testsuite hostname="PAVIJI-PC" failures="0" tests="3" name="progressbarandslider.ProgressBars" time="42.741" errors="0" timestamp="27 Feb 2021 13:01:56 GMT" skipped="0">
  <testcase classname="progressbarandslider.ProgressBars" name="TC01" time="15.291"/>
  <testcase classname="progressbarandslider.ProgressBars" name="TC02" time="12.970"/>
  <testcase classname="progressbarandslider.ProgressBars" name="TC03" time="14.480"/>
</testsuite> <!-- progressbarandslider.ProgressBars -->
