<?xml version="1.0" encoding="UTF-8"?>
<!-- Generated by org.testng.reporters.JUnitReportReporter -->
<testsuite hostname="PAVIJI-PC" failures="0" tests="3" name="list.BootStrapList" time="30.388" errors="0" timestamp="27 Feb 2021 13:01:56 GMT" skipped="0">
  <testcase classname="list.BootStrapList" name="TC03" time="9.646"/>
  <testcase classname="list.BootStrapList" name="TC01" time="11.209"/>
  <testcase classname="list.BootStrapList" name="TC02" time="9.533"/>
</testsuite> <!-- list.BootStrapList -->
