<?xml version="1.0" encoding="UTF-8"?>
<!-- Generated by org.testng.reporters.JUnitReportReporter -->
<testsuite hostname="PAVIJI-PC" failures="0" tests="2" name="alertmodal.JavaScriptAlert" time="32.968" errors="0" timestamp="27 Feb 2021 13:01:56 GMT" skipped="0">
  <testcase classname="alertmodal.JavaScriptAlert" name="TC02" time="18.663"/>
  <testcase classname="alertmodal.JavaScriptAlert" name="TC01" time="14.305"/>
</testsuite> <!-- alertmodal.JavaScriptAlert -->
