<?xml version="1.0" encoding="UTF-8"?>
<!-- Generated by org.testng.reporters.JUnitReportReporter -->
<testsuite hostname="PAVIJI-PC" failures="0" tests="3" name="inputform.AdvancedInputform" time="37.766" errors="0" timestamp="27 Feb 2021 13:01:56 GMT" skipped="0">
  <testcase classname="inputform.AdvancedInputform" name="TC02" time="10.260"/>
  <testcase classname="inputform.AdvancedInputform" name="TC03" time="12.045"/>
  <testcase classname="inputform.AdvancedInputform" name="TC01" time="15.461"/>
</testsuite> <!-- inputform.AdvancedInputform -->
