<?xml version="1.0" encoding="UTF-8"?>
<!-- Generated by org.testng.reporters.JUnitReportReporter -->
<testsuite hostname="PAVIJI-PC" failures="0" tests="4" name="alertmodal.Popup" time="107.147" errors="0" timestamp="27 Feb 2021 13:01:56 GMT" skipped="0">
  <testcase classname="alertmodal.Popup" name="TC01" time="30.294"/>
  <testcase classname="alertmodal.Popup" name="TC02" time="22.547"/>
  <testcase classname="alertmodal.Popup" name="TC03" time="31.100"/>
  <testcase classname="alertmodal.Popup" name="TC04" time="23.206"/>
</testsuite> <!-- alertmodal.Popup -->
