<?xml version="1.0" encoding="UTF-8"?>
<!-- Generated by org.testng.reporters.JUnitReportReporter -->
<testsuite hostname="PAVIJI-PC" failures="0" tests="3" name="OtherElements.dragandDrop" time="526.884" errors="0" timestamp="27 Feb 2021 13:01:56 GMT" skipped="0">
  <testcase classname="OtherElements.dragandDrop" name="TC02" time="11.590"/>
  <testcase classname="OtherElements.dragandDrop" name="TC01" time="503.130"/>
  <testcase classname="OtherElements.dragandDrop" name="TC03" time="12.164"/>
</testsuite> <!-- OtherElements.dragandDrop -->
