<?xml version="1.0" encoding="UTF-8"?>
<!-- Generated by org.testng.reporters.JUnitReportReporter -->
<testsuite hostname="PAVIJI-PC" failures="0" tests="2" name="datepickers.DatePicker" time="30.422" errors="0" timestamp="27 Feb 2021 13:01:56 GMT" skipped="0">
  <testcase classname="datepickers.DatePicker" name="TC02" time="14.415"/>
  <testcase classname="datepickers.DatePicker" name="TC01" time="16.007"/>
</testsuite> <!-- datepickers.DatePicker -->
