<?xml version="1.0" encoding="UTF-8"?>
<!-- Generated by org.testng.reporters.JUnitReportReporter -->
<testsuite hostname="PAVIJI-PC" failures="0" tests="2" name="alertmodal.BootStrapAlert" time="31.191" errors="0" timestamp="27 Feb 2021 13:01:56 GMT" skipped="0">
  <testcase classname="alertmodal.BootStrapAlert" name="TC01" time="10.816"/>
  <testcase classname="alertmodal.BootStrapAlert" name="TC02" time="20.375"/>
</testsuite> <!-- alertmodal.BootStrapAlert -->
