<?xml version="1.0" encoding="UTF-8"?>
<!-- Generated by org.testng.reporters.JUnitReportReporter -->
<testsuite hostname="PAVIJI-PC" failures="0" tests="3" name="table.TablePagination" time="43.011" errors="0" timestamp="27 Feb 2021 13:01:56 GMT" skipped="0">
  <testcase classname="table.TablePagination" name="TC02" time="17.884"/>
  <testcase classname="table.TablePagination" name="TC01" time="10.521"/>
  <testcase classname="table.TablePagination" name="TC03" time="14.606"/>
</testsuite> <!-- table.TablePagination -->
