<?xml version="1.0" encoding="UTF-8"?>
<!-- Generated by org.testng.reporters.JUnitReportReporter -->
<testsuite hostname="PAVIJI-PC" failures="0" tests="1" name="table.TableSortSearch" time="15.162" errors="0" timestamp="27 Feb 2021 13:01:56 GMT" skipped="0">
  <testcase classname="table.TableSortSearch" name="TC01" time="15.162"/>
</testsuite> <!-- table.TableSortSearch -->
