<?xml version="1.0" encoding="UTF-8"?>
<!-- Generated by org.testng.reporters.JUnitReportReporter -->
<testsuite hostname="PAVIJI-PC" failures="0" tests="5" name="inputform.SimpleFormDemo" time="60.931" errors="0" timestamp="27 Feb 2021 13:01:56 GMT" skipped="0">
  <testcase classname="inputform.SimpleFormDemo" name="TC05" time="17.107"/>
  <testcase classname="inputform.SimpleFormDemo" name="TC02" time="10.525"/>
  <testcase classname="inputform.SimpleFormDemo" name="TC03" time="9.125"/>
  <testcase classname="inputform.SimpleFormDemo" name="TC04" time="14.466"/>
  <testcase classname="inputform.SimpleFormDemo" name="TC01" time="9.708"/>
</testsuite> <!-- inputform.SimpleFormDemo -->
